c:\teaching\cg\2022\code\cgproject2022\cgproject2022\x64\debug\uic\ui_cgproject2022.h
c:\teaching\cg\2022\code\cgproject2022\cgproject2022\x64\debug\rcc\qrc_cgproject2022.cpp
c:\teaching\cg\2022\code\cgproject2022\cgproject2022\x64\debug\moc\moc_cgproject2022.cpp
c:\teaching\cg\2022\code\cgproject2022\cgproject2022\x64\debug\vc141.pdb
c:\teaching\cg\2022\code\cgproject2022\cgproject2022\x64\debug\qrc_cgproject2022.obj
c:\teaching\cg\2022\code\cgproject2022\cgproject2022\x64\debug\main.obj
c:\teaching\cg\2022\code\cgproject2022\cgproject2022\x64\debug\generalalgorithm.obj
c:\teaching\cg\2022\code\cgproject2022\cgproject2022\x64\debug\cgproject2022.obj
c:\teaching\cg\2022\code\cgproject2022\cgproject2022\x64\debug\graphalgorithm.obj
c:\teaching\cg\2022\code\cgproject2022\cgproject2022\x64\debug\fill.obj
c:\teaching\cg\2022\code\cgproject2022\cgproject2022\x64\debug\moc_cgproject2022.obj
c:\teaching\cg\2022\code\cgproject2022\cgproject2022\x64\debug\gmatrix.obj
c:\teaching\cg\2022\code\cgproject2022\x64\debug\cgproject2022.exe
c:\teaching\cg\2022\code\cgproject2022\x64\debug\cgproject2022.ilk
c:\teaching\cg\2022\code\cgproject2022\x64\debug\cgproject2022.pdb
c:\teaching\cg\2022\code\cgproject2022\cgproject2022\x64\debug\cgproject2022.res
c:\teaching\cg\2022\code\cgproject2022\cgproject2022\x64\debug\cgproject2022.tlog\cgproject2022.write.1u.tlog
c:\teaching\cg\2022\code\cgproject2022\cgproject2022\x64\debug\cgproject2022.tlog\cl.command.1.tlog
c:\teaching\cg\2022\code\cgproject2022\cgproject2022\x64\debug\cgproject2022.tlog\cl.read.1.tlog
c:\teaching\cg\2022\code\cgproject2022\cgproject2022\x64\debug\cgproject2022.tlog\cl.write.1.tlog
c:\teaching\cg\2022\code\cgproject2022\cgproject2022\x64\debug\cgproject2022.tlog\link.command.1.tlog
c:\teaching\cg\2022\code\cgproject2022\cgproject2022\x64\debug\cgproject2022.tlog\link.read.1.tlog
c:\teaching\cg\2022\code\cgproject2022\cgproject2022\x64\debug\cgproject2022.tlog\link.write.1.tlog
c:\teaching\cg\2022\code\cgproject2022\cgproject2022\x64\debug\cgproject2022.tlog\moc.read.1u.tlog
c:\teaching\cg\2022\code\cgproject2022\cgproject2022\x64\debug\cgproject2022.tlog\moc.write.1u.tlog
c:\teaching\cg\2022\code\cgproject2022\cgproject2022\x64\debug\cgproject2022.tlog\rc.command.1.tlog
c:\teaching\cg\2022\code\cgproject2022\cgproject2022\x64\debug\cgproject2022.tlog\rc.read.1.tlog
c:\teaching\cg\2022\code\cgproject2022\cgproject2022\x64\debug\cgproject2022.tlog\rc.write.1.tlog
c:\teaching\cg\2022\code\cgproject2022\cgproject2022\x64\debug\cgproject2022.tlog\rcc.read.1u.tlog
c:\teaching\cg\2022\code\cgproject2022\cgproject2022\x64\debug\cgproject2022.tlog\rcc.write.1u.tlog
c:\teaching\cg\2022\code\cgproject2022\cgproject2022\x64\debug\cgproject2022.tlog\uic.read.1u.tlog
c:\teaching\cg\2022\code\cgproject2022\cgproject2022\x64\debug\cgproject2022.tlog\uic.write.1u.tlog
